.\../pc_win32/server_src/vrpn_server/Release\vrpn_server.bsc
D:\WORK\HOKONG\VRPNCAMERASERVER_CLIENT\BIN\VRPN_SERVER.EXE
D:\WORK\hokong\vrpnCameraServer_Client\vrpn\pc_win32\server_src\vrpn_server\Release\BscMake.command.1.tlog
D:\WORK\hokong\vrpnCameraServer_Client\vrpn\pc_win32\server_src\vrpn_server\Release\bscmake.read.1.tlog
D:\WORK\hokong\vrpnCameraServer_Client\vrpn\pc_win32\server_src\vrpn_server\Release\bscmake.write.1.tlog
D:\WORK\hokong\vrpnCameraServer_Client\vrpn\pc_win32\server_src\vrpn_server\Release\cl.command.1.tlog
D:\WORK\hokong\vrpnCameraServer_Client\vrpn\pc_win32\server_src\vrpn_server\Release\CL.read.1.tlog
D:\WORK\hokong\vrpnCameraServer_Client\vrpn\pc_win32\server_src\vrpn_server\Release\CL.write.1.tlog
D:\WORK\hokong\vrpnCameraServer_Client\vrpn\pc_win32\server_src\vrpn_server\Release\link.command.1.tlog
D:\WORK\hokong\vrpnCameraServer_Client\vrpn\pc_win32\server_src\vrpn_server\Release\link.read.1.tlog
D:\WORK\hokong\vrpnCameraServer_Client\vrpn\pc_win32\server_src\vrpn_server\Release\link.write.1.tlog
D:\WORK\hokong\vrpnCameraServer_Client\vrpn\pc_win32\server_src\vrpn_server\Release\mt.command.1.tlog
D:\WORK\hokong\vrpnCameraServer_Client\vrpn\pc_win32\server_src\vrpn_server\Release\mt.read.1.tlog
D:\WORK\hokong\vrpnCameraServer_Client\vrpn\pc_win32\server_src\vrpn_server\Release\mt.write.1.tlog
D:\WORK\HOKONG\VRPNCAMERASERVER_CLIENT\VRPN\PC_WIN32\SERVER_SRC\VRPN_SERVER\RELEASE\TCPSERVER.OBJ
D:\WORK\HOKONG\VRPNCAMERASERVER_CLIENT\VRPN\PC_WIN32\SERVER_SRC\VRPN_SERVER\RELEASE\TCPSERVER.SBR
D:\WORK\HOKONG\VRPNCAMERASERVER_CLIENT\VRPN\PC_WIN32\SERVER_SRC\VRPN_SERVER\RELEASE\VC100.PDB
D:\WORK\HOKONG\VRPNCAMERASERVER_CLIENT\VRPN\PC_WIN32\SERVER_SRC\VRPN_SERVER\RELEASE\VRPN.OBJ
D:\WORK\HOKONG\VRPNCAMERASERVER_CLIENT\VRPN\PC_WIN32\SERVER_SRC\VRPN_SERVER\RELEASE\VRPN.SBR
D:\WORK\HOKONG\VRPNCAMERASERVER_CLIENT\VRPN\PC_WIN32\SERVER_SRC\VRPN_SERVER\RELEASE\VRPN_GENERIC_SERVER_OBJECT.OBJ
D:\WORK\HOKONG\VRPNCAMERASERVER_CLIENT\VRPN\PC_WIN32\SERVER_SRC\VRPN_SERVER\RELEASE\VRPN_GENERIC_SERVER_OBJECT.SBR
D:\WORK\HOKONG\VRPNCAMERASERVER_CLIENT\VRPN\PC_WIN32\SERVER_SRC\VRPN_SERVER\RELEASE\VRPN_SERVER.BSC
D:\WORK\HOKONG\VRPNCAMERASERVER_CLIENT\VRPN\PC_WIN32\SERVER_SRC\VRPN_SERVER\RELEASE\VRPN_SERVER.EXE.INTERMEDIATE.MANIFEST
D:\WORK\hokong\vrpnCameraServer_Client\vrpn\pc_win32\server_src\vrpn_server\Release\vrpn_server.exp
D:\WORK\hokong\vrpnCameraServer_Client\vrpn\pc_win32\server_src\vrpn_server\Release\vrpn_server.lib
D:\WORK\hokong\vrpnCameraServer_Client\vrpn\pc_win32\server_src\vrpn_server\Release\vrpn_server.write.1.tlog
D:\WORK\hokong\vrpnCameraServer_Client\vrpn\server_src\.\../pc_win32/server_src/vrpn_server/Release\vrpn_server.exe.intermediate.manifest
