D:\WORK\HOKONG\VRPNSERVERSIMPLE\DEBUG\VRPNCAMERA.PDB
D:\WORK\hokong\vrpnServerSimple\vrpnCamera\Debug\cl.command.1.tlog
D:\WORK\hokong\vrpnServerSimple\vrpnCamera\Debug\CL.read.1.tlog
D:\WORK\hokong\vrpnServerSimple\vrpnCamera\Debug\CL.write.1.tlog
D:\WORK\hokong\vrpnServerSimple\vrpnCamera\Debug\link.5572.read.1.tlog
D:\WORK\hokong\vrpnServerSimple\vrpnCamera\Debug\link.5572.write.1.tlog
D:\WORK\hokong\vrpnServerSimple\vrpnCamera\Debug\link.5572-cvtres.read.1.tlog
D:\WORK\hokong\vrpnServerSimple\vrpnCamera\Debug\link.5572-cvtres.write.1.tlog
D:\WORK\hokong\vrpnServerSimple\vrpnCamera\Debug\link.command.1.tlog
D:\WORK\hokong\vrpnServerSimple\vrpnCamera\Debug\link.read.1.tlog
D:\WORK\hokong\vrpnServerSimple\vrpnCamera\Debug\link.write.1.tlog
D:\WORK\hokong\vrpnServerSimple\vrpnCamera\Debug\link-cvtres.read.1.tlog
D:\WORK\hokong\vrpnServerSimple\vrpnCamera\Debug\link-cvtres.write.1.tlog
D:\WORK\hokong\vrpnServerSimple\vrpnCamera\Debug\mt.command.1.tlog
D:\WORK\hokong\vrpnServerSimple\vrpnCamera\Debug\mt.read.1.tlog
D:\WORK\hokong\vrpnServerSimple\vrpnCamera\Debug\mt.write.1.tlog
D:\WORK\hokong\vrpnServerSimple\vrpnCamera\Debug\rc.command.1.tlog
D:\WORK\hokong\vrpnServerSimple\vrpnCamera\Debug\rc.read.1.tlog
D:\WORK\hokong\vrpnServerSimple\vrpnCamera\Debug\rc.write.1.tlog
D:\WORK\hokong\vrpnServerSimple\vrpnCamera\Debug\vc100.idb
D:\WORK\HOKONG\VRPNSERVERSIMPLE\VRPNCAMERA\DEBUG\VC100.PDB
D:\WORK\HOKONG\VRPNSERVERSIMPLE\VRPNCAMERA\DEBUG\VRPN_CLIENT.EXE
D:\WORK\HOKONG\VRPNSERVERSIMPLE\VRPNCAMERA\DEBUG\VRPN_CLIENT.ILK
D:\WORK\HOKONG\VRPNSERVERSIMPLE\VRPNCAMERA\DEBUG\VRPNCAMERA.EXE.EMBED.MANIFEST
D:\WORK\HOKONG\VRPNSERVERSIMPLE\VRPNCAMERA\DEBUG\VRPNCAMERA.EXE.EMBED.MANIFEST.RES
D:\WORK\HOKONG\VRPNSERVERSIMPLE\VRPNCAMERA\DEBUG\VRPNCAMERA.EXE.INTERMEDIATE.MANIFEST
D:\WORK\HOKONG\VRPNSERVERSIMPLE\VRPNCAMERA\DEBUG\VRPNCAMERA.OBJ
D:\WORK\hokong\vrpnServerSimple\vrpnCamera\Debug\vrpnCamera.write.1.tlog
D:\WORK\hokong\vrpnServerSimple\vrpnCamera\Debug\vrpnCamera_manifest.rc
