D:\WORK\HOKONG\VRPNCAMERASERVER_CLIENT\DEBUG\VRPN_CLIENT.EXE
D:\WORK\HOKONG\VRPNCAMERASERVER_CLIENT\DEBUG\VRPN_CLIENT.ILK
D:\WORK\HOKONG\VRPNCAMERASERVER_CLIENT\DEBUG\VRPN_CLIENT.PDB
D:\WORK\hokong\vrpnCameraServer_Client\vrpnCamera\Debug\cl.command.1.tlog
D:\WORK\hokong\vrpnCameraServer_Client\vrpnCamera\Debug\CL.read.1.tlog
D:\WORK\hokong\vrpnCameraServer_Client\vrpnCamera\Debug\CL.write.1.tlog
D:\WORK\hokong\vrpnCameraServer_Client\vrpnCamera\Debug\link.11552.read.1.tlog
D:\WORK\hokong\vrpnCameraServer_Client\vrpnCamera\Debug\link.11552.write.1.tlog
D:\WORK\hokong\vrpnCameraServer_Client\vrpnCamera\Debug\link.11552-cvtres.read.1.tlog
D:\WORK\hokong\vrpnCameraServer_Client\vrpnCamera\Debug\link.11552-cvtres.write.1.tlog
D:\WORK\hokong\vrpnCameraServer_Client\vrpnCamera\Debug\link.14892.read.1.tlog
D:\WORK\hokong\vrpnCameraServer_Client\vrpnCamera\Debug\link.14892.write.1.tlog
D:\WORK\hokong\vrpnCameraServer_Client\vrpnCamera\Debug\link.14892-cvtres.read.1.tlog
D:\WORK\hokong\vrpnCameraServer_Client\vrpnCamera\Debug\link.14892-cvtres.write.1.tlog
D:\WORK\hokong\vrpnCameraServer_Client\vrpnCamera\Debug\link.16248.read.1.tlog
D:\WORK\hokong\vrpnCameraServer_Client\vrpnCamera\Debug\link.16248.write.1.tlog
D:\WORK\hokong\vrpnCameraServer_Client\vrpnCamera\Debug\link.16248-cvtres.read.1.tlog
D:\WORK\hokong\vrpnCameraServer_Client\vrpnCamera\Debug\link.16248-cvtres.write.1.tlog
D:\WORK\hokong\vrpnCameraServer_Client\vrpnCamera\Debug\link.6932.read.1.tlog
D:\WORK\hokong\vrpnCameraServer_Client\vrpnCamera\Debug\link.6932.write.1.tlog
D:\WORK\hokong\vrpnCameraServer_Client\vrpnCamera\Debug\link.6932-cvtres.read.1.tlog
D:\WORK\hokong\vrpnCameraServer_Client\vrpnCamera\Debug\link.6932-cvtres.write.1.tlog
D:\WORK\hokong\vrpnCameraServer_Client\vrpnCamera\Debug\link.command.1.tlog
D:\WORK\hokong\vrpnCameraServer_Client\vrpnCamera\Debug\link.read.1.tlog
D:\WORK\hokong\vrpnCameraServer_Client\vrpnCamera\Debug\link.write.1.tlog
D:\WORK\hokong\vrpnCameraServer_Client\vrpnCamera\Debug\link-cvtres.read.1.tlog
D:\WORK\hokong\vrpnCameraServer_Client\vrpnCamera\Debug\link-cvtres.write.1.tlog
D:\WORK\hokong\vrpnCameraServer_Client\vrpnCamera\Debug\mt.command.1.tlog
D:\WORK\hokong\vrpnCameraServer_Client\vrpnCamera\Debug\mt.read.1.tlog
D:\WORK\hokong\vrpnCameraServer_Client\vrpnCamera\Debug\mt.write.1.tlog
D:\WORK\hokong\vrpnCameraServer_Client\vrpnCamera\Debug\rc.command.1.tlog
D:\WORK\hokong\vrpnCameraServer_Client\vrpnCamera\Debug\rc.read.1.tlog
D:\WORK\hokong\vrpnCameraServer_Client\vrpnCamera\Debug\rc.write.1.tlog
D:\WORK\hokong\vrpnCameraServer_Client\vrpnCamera\Debug\vc100.idb
D:\WORK\HOKONG\VRPNCAMERASERVER_CLIENT\VRPNCAMERA\DEBUG\VC100.PDB
D:\WORK\HOKONG\VRPNCAMERASERVER_CLIENT\VRPNCAMERA\DEBUG\VRPN_CLIENT.EXE.EMBED.MANIFEST
D:\WORK\HOKONG\VRPNCAMERASERVER_CLIENT\VRPNCAMERA\DEBUG\VRPN_CLIENT.EXE.EMBED.MANIFEST.RES
D:\WORK\HOKONG\VRPNCAMERASERVER_CLIENT\VRPNCAMERA\DEBUG\VRPN_CLIENT.EXE.INTERMEDIATE.MANIFEST
D:\WORK\hokong\vrpnCameraServer_Client\vrpnCamera\Debug\vrpn_Client.write.1.tlog
D:\WORK\hokong\vrpnCameraServer_Client\vrpnCamera\Debug\vrpn_Client_manifest.rc
D:\WORK\HOKONG\VRPNCAMERASERVER_CLIENT\VRPNCAMERA\DEBUG\VRPNCAMERA.OBJ
