.\../pc_win32/server_src/vrpn_server/Debug\vrpn_server.bsc
.\../pc_win32/server_src/vrpn_server/Debug\vrpn_server.ilk
.\../pc_win32/server_src/vrpn_server/Debug\vrpn_server.pdb
D:\WORK\hokong\vrpnCameraServer_Client\vrpn\pc_win32\server_src\vrpn_server\Debug\BscMake.command.1.tlog
D:\WORK\hokong\vrpnCameraServer_Client\vrpn\pc_win32\server_src\vrpn_server\Debug\bscmake.read.1.tlog
D:\WORK\hokong\vrpnCameraServer_Client\vrpn\pc_win32\server_src\vrpn_server\Debug\bscmake.write.1.tlog
D:\WORK\hokong\vrpnCameraServer_Client\vrpn\pc_win32\server_src\vrpn_server\Debug\cl.command.1.tlog
D:\WORK\hokong\vrpnCameraServer_Client\vrpn\pc_win32\server_src\vrpn_server\Debug\CL.read.1.tlog
D:\WORK\hokong\vrpnCameraServer_Client\vrpn\pc_win32\server_src\vrpn_server\Debug\CL.write.1.tlog
D:\WORK\hokong\vrpnCameraServer_Client\vrpn\pc_win32\server_src\vrpn_server\Debug\link.11568.read.1.tlog
D:\WORK\hokong\vrpnCameraServer_Client\vrpn\pc_win32\server_src\vrpn_server\Debug\link.11568.write.1.tlog
D:\WORK\hokong\vrpnCameraServer_Client\vrpn\pc_win32\server_src\vrpn_server\Debug\link.11568-cvtres.read.1.tlog
D:\WORK\hokong\vrpnCameraServer_Client\vrpn\pc_win32\server_src\vrpn_server\Debug\link.11568-cvtres.write.1.tlog
D:\WORK\hokong\vrpnCameraServer_Client\vrpn\pc_win32\server_src\vrpn_server\Debug\link.13616.read.1.tlog
D:\WORK\hokong\vrpnCameraServer_Client\vrpn\pc_win32\server_src\vrpn_server\Debug\link.13616.write.1.tlog
D:\WORK\hokong\vrpnCameraServer_Client\vrpn\pc_win32\server_src\vrpn_server\Debug\link.13616-cvtres.read.1.tlog
D:\WORK\hokong\vrpnCameraServer_Client\vrpn\pc_win32\server_src\vrpn_server\Debug\link.13616-cvtres.write.1.tlog
D:\WORK\hokong\vrpnCameraServer_Client\vrpn\pc_win32\server_src\vrpn_server\Debug\link.15536.read.1.tlog
D:\WORK\hokong\vrpnCameraServer_Client\vrpn\pc_win32\server_src\vrpn_server\Debug\link.15536.write.1.tlog
D:\WORK\hokong\vrpnCameraServer_Client\vrpn\pc_win32\server_src\vrpn_server\Debug\link.15536-cvtres.read.1.tlog
D:\WORK\hokong\vrpnCameraServer_Client\vrpn\pc_win32\server_src\vrpn_server\Debug\link.15536-cvtres.write.1.tlog
D:\WORK\hokong\vrpnCameraServer_Client\vrpn\pc_win32\server_src\vrpn_server\Debug\link.17084.read.1.tlog
D:\WORK\hokong\vrpnCameraServer_Client\vrpn\pc_win32\server_src\vrpn_server\Debug\link.17084.write.1.tlog
D:\WORK\hokong\vrpnCameraServer_Client\vrpn\pc_win32\server_src\vrpn_server\Debug\link.17084-cvtres.read.1.tlog
D:\WORK\hokong\vrpnCameraServer_Client\vrpn\pc_win32\server_src\vrpn_server\Debug\link.17084-cvtres.write.1.tlog
D:\WORK\hokong\vrpnCameraServer_Client\vrpn\pc_win32\server_src\vrpn_server\Debug\link.4088.read.1.tlog
D:\WORK\hokong\vrpnCameraServer_Client\vrpn\pc_win32\server_src\vrpn_server\Debug\link.4088.write.1.tlog
D:\WORK\hokong\vrpnCameraServer_Client\vrpn\pc_win32\server_src\vrpn_server\Debug\link.4088-cvtres.read.1.tlog
D:\WORK\hokong\vrpnCameraServer_Client\vrpn\pc_win32\server_src\vrpn_server\Debug\link.4088-cvtres.write.1.tlog
D:\WORK\hokong\vrpnCameraServer_Client\vrpn\pc_win32\server_src\vrpn_server\Debug\link.4480.read.1.tlog
D:\WORK\hokong\vrpnCameraServer_Client\vrpn\pc_win32\server_src\vrpn_server\Debug\link.4480.write.1.tlog
D:\WORK\hokong\vrpnCameraServer_Client\vrpn\pc_win32\server_src\vrpn_server\Debug\link.4480-cvtres.read.1.tlog
D:\WORK\hokong\vrpnCameraServer_Client\vrpn\pc_win32\server_src\vrpn_server\Debug\link.4480-cvtres.write.1.tlog
D:\WORK\hokong\vrpnCameraServer_Client\vrpn\pc_win32\server_src\vrpn_server\Debug\link.command.1.tlog
D:\WORK\hokong\vrpnCameraServer_Client\vrpn\pc_win32\server_src\vrpn_server\Debug\link.read.1.tlog
D:\WORK\hokong\vrpnCameraServer_Client\vrpn\pc_win32\server_src\vrpn_server\Debug\link.write.1.tlog
D:\WORK\hokong\vrpnCameraServer_Client\vrpn\pc_win32\server_src\vrpn_server\Debug\link-cvtres.read.1.tlog
D:\WORK\hokong\vrpnCameraServer_Client\vrpn\pc_win32\server_src\vrpn_server\Debug\link-cvtres.write.1.tlog
D:\WORK\hokong\vrpnCameraServer_Client\vrpn\pc_win32\server_src\vrpn_server\Debug\mt.command.1.tlog
D:\WORK\hokong\vrpnCameraServer_Client\vrpn\pc_win32\server_src\vrpn_server\Debug\mt.read.1.tlog
D:\WORK\hokong\vrpnCameraServer_Client\vrpn\pc_win32\server_src\vrpn_server\Debug\mt.write.1.tlog
D:\WORK\hokong\vrpnCameraServer_Client\vrpn\pc_win32\server_src\vrpn_server\Debug\rc.command.1.tlog
D:\WORK\hokong\vrpnCameraServer_Client\vrpn\pc_win32\server_src\vrpn_server\Debug\rc.read.1.tlog
D:\WORK\hokong\vrpnCameraServer_Client\vrpn\pc_win32\server_src\vrpn_server\Debug\rc.write.1.tlog
D:\WORK\HOKONG\VRPNCAMERASERVER_CLIENT\VRPN\PC_WIN32\SERVER_SRC\VRPN_SERVER\DEBUG\TCPSERVER.OBJ
D:\WORK\HOKONG\VRPNCAMERASERVER_CLIENT\VRPN\PC_WIN32\SERVER_SRC\VRPN_SERVER\DEBUG\TCPSERVER.SBR
D:\WORK\HOKONG\VRPNCAMERASERVER_CLIENT\VRPN\PC_WIN32\SERVER_SRC\VRPN_SERVER\DEBUG\VC100.PDB
D:\WORK\HOKONG\VRPNCAMERASERVER_CLIENT\VRPN\PC_WIN32\SERVER_SRC\VRPN_SERVER\DEBUG\VRPN.OBJ
D:\WORK\HOKONG\VRPNCAMERASERVER_CLIENT\VRPN\PC_WIN32\SERVER_SRC\VRPN_SERVER\DEBUG\VRPN.SBR
D:\WORK\HOKONG\VRPNCAMERASERVER_CLIENT\VRPN\PC_WIN32\SERVER_SRC\VRPN_SERVER\DEBUG\VRPN_GENERIC_SERVER_OBJECT.OBJ
D:\WORK\HOKONG\VRPNCAMERASERVER_CLIENT\VRPN\PC_WIN32\SERVER_SRC\VRPN_SERVER\DEBUG\VRPN_GENERIC_SERVER_OBJECT.SBR
D:\WORK\HOKONG\VRPNCAMERASERVER_CLIENT\VRPN\PC_WIN32\SERVER_SRC\VRPN_SERVER\DEBUG\VRPN_SERVER.BSC
D:\WORK\HOKONG\VRPNCAMERASERVER_CLIENT\VRPN\PC_WIN32\SERVER_SRC\VRPN_SERVER\DEBUG\VRPN_SERVER.EXE
D:\WORK\HOKONG\VRPNCAMERASERVER_CLIENT\VRPN\PC_WIN32\SERVER_SRC\VRPN_SERVER\DEBUG\VRPN_SERVER.EXE.EMBED.MANIFEST
D:\WORK\HOKONG\VRPNCAMERASERVER_CLIENT\VRPN\PC_WIN32\SERVER_SRC\VRPN_SERVER\DEBUG\VRPN_SERVER.EXE.EMBED.MANIFEST.RES
D:\WORK\HOKONG\VRPNCAMERASERVER_CLIENT\VRPN\PC_WIN32\SERVER_SRC\VRPN_SERVER\DEBUG\VRPN_SERVER.EXE.INTERMEDIATE.MANIFEST
D:\WORK\hokong\vrpnCameraServer_Client\vrpn\pc_win32\server_src\vrpn_server\Debug\vrpn_server.exp
D:\WORK\HOKONG\VRPNCAMERASERVER_CLIENT\VRPN\PC_WIN32\SERVER_SRC\VRPN_SERVER\DEBUG\VRPN_SERVER.ILK
D:\WORK\hokong\vrpnCameraServer_Client\vrpn\pc_win32\server_src\vrpn_server\Debug\vrpn_server.lib
D:\WORK\HOKONG\VRPNCAMERASERVER_CLIENT\VRPN\PC_WIN32\SERVER_SRC\VRPN_SERVER\DEBUG\VRPN_SERVER.PDB
D:\WORK\hokong\vrpnCameraServer_Client\vrpn\pc_win32\server_src\vrpn_server\Debug\vrpn_server.write.1.tlog
D:\WORK\hokong\vrpnCameraServer_Client\vrpn\pc_win32\server_src\vrpn_server\Debug\vrpn_server_manifest.rc
D:\WORK\hokong\vrpnCameraServer_Client\vrpn\server_src\.\../pc_win32/server_src/vrpn_server/Debug\vrpn_server.exe
D:\WORK\hokong\vrpnCameraServer_Client\vrpn\server_src\.\../pc_win32/server_src/vrpn_server/Debug\vrpn_server.exe.intermediate.manifest
