Build started 2021-08-02 21:57:33.
     1>Project "D:\WORK\hokong\vrpnCameraServer_Client\vrpnCamera\vrpnCamera.vcxproj" on node 2 (build target(s)).
     1>InitializeBuildStatus:
         Creating "Release\vrpn_Client.unsuccessfulbuild" because "AlwaysCreate" was specified.
       ClCompile:
         All outputs are up-to-date.
     1>C:\Program Files (x86)\MSBuild\Microsoft.Cpp\v4.0\Microsoft.CppBuild.targets(990,5): warning MSB8012: TargetPath(D:\WORK\hokong\vrpnCameraServer_Client\Release\vrpn_Client.exe) does not match the Linker's OutputFile property value (D:\WORK\hokong\vrpnCameraServer_Client\Bin\vrpn_client.exe). This may cause your project to build incorrectly. To correct this, please make sure that $(OutDir), $(TargetName) and $(TargetExt) property values match the value specified in %(Link.OutputFile).
       Link:
         C:\Program Files (x86)\Microsoft Visual Studio 10.0\VC\bin\link.exe /ERRORREPORT:PROMPT /OUT:"..\Bin\vrpn_client.exe" /INCREMENTAL:NO /NOLOGO /LIBPATH:..\vrpn\pc_win32\Release vrpn.lib /MANIFEST /ManifestFile:"Release\vrpn_Client.exe.intermediate.manifest" /MANIFESTUAC:"level='asInvoker' uiAccess='false'" /DEBUG /PDB:"D:\WORK\hokong\vrpnCameraServer_Client\Release\vrpn_Client.pdb" /SUBSYSTEM:CONSOLE /OPT:REF /OPT:ICF /LTCG /TLBID:1 /DYNAMICBASE /NXCOMPAT /IMPLIB:"D:\WORK\hokong\vrpnCameraServer_Client\Release\vrpn_Client.lib" /MACHINE:X86 Release\vrpnCamera.obj
         Generating code
         Finished generating code
         vrpnCamera.vcxproj -> D:\WORK\hokong\vrpnCameraServer_Client\Release\vrpn_Client.exe
       Manifest:
         C:\Program Files (x86)\Microsoft SDKs\Windows\v7.0A\bin\mt.exe /nologo /verbose /outputresource:"..\Bin\vrpn_client.exe;#1" /manifest Release\vrpn_Client.exe.intermediate.manifest "C:\Program Files (x86)\Microsoft Visual Studio 10.0\VC\Include\Manifest\dpiaware.manifest"
       FinalizeBuildStatus:
         Deleting file "Release\vrpn_Client.unsuccessfulbuild".
         Touching "Release\vrpn_Client.lastbuildstate".
     1>Done Building Project "D:\WORK\hokong\vrpnCameraServer_Client\vrpnCamera\vrpnCamera.vcxproj" (build target(s)).

Build succeeded.

Time Elapsed 00:00:00.28
