.\pc_win32/Debug\vrpn.bsc
D:\WORK\hokong\vrpnCameraServer_Client\vrpn\.\pc_win32/Debug\vrpn.lib
D:\WORK\hokong\vrpnCameraServer_Client\vrpn\pc_win32\Debug\BscMake.command.1.tlog
D:\WORK\hokong\vrpnCameraServer_Client\vrpn\pc_win32\Debug\bscmake.read.1.tlog
D:\WORK\hokong\vrpnCameraServer_Client\vrpn\pc_win32\Debug\bscmake.write.1.tlog
D:\WORK\hokong\vrpnCameraServer_Client\vrpn\pc_win32\Debug\cl.command.1.tlog
D:\WORK\hokong\vrpnCameraServer_Client\vrpn\pc_win32\Debug\CL.read.1.tlog
D:\WORK\hokong\vrpnCameraServer_Client\vrpn\pc_win32\Debug\CL.write.1.tlog
D:\WORK\hokong\vrpnCameraServer_Client\vrpn\pc_win32\Debug\lib.command.1.tlog
D:\WORK\hokong\vrpnCameraServer_Client\vrpn\pc_win32\Debug\Lib-link.read.1.tlog
D:\WORK\hokong\vrpnCameraServer_Client\vrpn\pc_win32\Debug\Lib-link.write.1.tlog
D:\WORK\HOKONG\VRPNCAMERASERVER_CLIENT\VRPN\PC_WIN32\DEBUG\VC100.PDB
D:\WORK\HOKONG\VRPNCAMERASERVER_CLIENT\VRPN\PC_WIN32\DEBUG\VRPN.BSC
D:\WORK\HOKONG\VRPNCAMERASERVER_CLIENT\VRPN\PC_WIN32\DEBUG\VRPN.LIB
D:\WORK\hokong\vrpnCameraServer_Client\vrpn\pc_win32\Debug\vrpn.vcxprojResolveAssemblyReference.cache
D:\WORK\hokong\vrpnCameraServer_Client\vrpn\pc_win32\Debug\vrpn.write.1.tlog
D:\WORK\HOKONG\VRPNCAMERASERVER_CLIENT\VRPN\PC_WIN32\DEBUG\VRPN_3DCONNEXION.OBJ
D:\WORK\HOKONG\VRPNCAMERASERVER_CLIENT\VRPN\PC_WIN32\DEBUG\VRPN_3DCONNEXION.SBR
D:\WORK\HOKONG\VRPNCAMERASERVER_CLIENT\VRPN\PC_WIN32\DEBUG\VRPN_3DMICROSCRIBE.OBJ
D:\WORK\HOKONG\VRPNCAMERASERVER_CLIENT\VRPN\PC_WIN32\DEBUG\VRPN_3DMICROSCRIBE.SBR
D:\WORK\HOKONG\VRPNCAMERASERVER_CLIENT\VRPN\PC_WIN32\DEBUG\VRPN_3SPACE.OBJ
D:\WORK\HOKONG\VRPNCAMERASERVER_CLIENT\VRPN\PC_WIN32\DEBUG\VRPN_3SPACE.SBR
D:\WORK\HOKONG\VRPNCAMERASERVER_CLIENT\VRPN\PC_WIN32\DEBUG\VRPN_5DT16.OBJ
D:\WORK\HOKONG\VRPNCAMERASERVER_CLIENT\VRPN\PC_WIN32\DEBUG\VRPN_5DT16.SBR
D:\WORK\HOKONG\VRPNCAMERASERVER_CLIENT\VRPN\PC_WIN32\DEBUG\VRPN_ADBOX.OBJ
D:\WORK\HOKONG\VRPNCAMERASERVER_CLIENT\VRPN\PC_WIN32\DEBUG\VRPN_ADBOX.SBR
D:\WORK\HOKONG\VRPNCAMERASERVER_CLIENT\VRPN\PC_WIN32\DEBUG\VRPN_ANALOG.OBJ
D:\WORK\HOKONG\VRPNCAMERASERVER_CLIENT\VRPN\PC_WIN32\DEBUG\VRPN_ANALOG.SBR
D:\WORK\HOKONG\VRPNCAMERASERVER_CLIENT\VRPN\PC_WIN32\DEBUG\VRPN_ANALOG_5DT.OBJ
D:\WORK\HOKONG\VRPNCAMERASERVER_CLIENT\VRPN\PC_WIN32\DEBUG\VRPN_ANALOG_5DT.SBR
D:\WORK\HOKONG\VRPNCAMERASERVER_CLIENT\VRPN\PC_WIN32\DEBUG\VRPN_ANALOG_5DTUSB.OBJ
D:\WORK\HOKONG\VRPNCAMERASERVER_CLIENT\VRPN\PC_WIN32\DEBUG\VRPN_ANALOG_5DTUSB.SBR
D:\WORK\HOKONG\VRPNCAMERASERVER_CLIENT\VRPN\PC_WIN32\DEBUG\VRPN_ANALOG_OUTPUT.OBJ
D:\WORK\HOKONG\VRPNCAMERASERVER_CLIENT\VRPN\PC_WIN32\DEBUG\VRPN_ANALOG_OUTPUT.SBR
D:\WORK\HOKONG\VRPNCAMERASERVER_CLIENT\VRPN\PC_WIN32\DEBUG\VRPN_ANALOG_RADAMEC_SPI.OBJ
D:\WORK\HOKONG\VRPNCAMERASERVER_CLIENT\VRPN\PC_WIN32\DEBUG\VRPN_ANALOG_RADAMEC_SPI.SBR
D:\WORK\HOKONG\VRPNCAMERASERVER_CLIENT\VRPN\PC_WIN32\DEBUG\VRPN_ANALOG_USDIGITAL_A2.OBJ
D:\WORK\HOKONG\VRPNCAMERASERVER_CLIENT\VRPN\PC_WIN32\DEBUG\VRPN_ANALOG_USDIGITAL_A2.SBR
D:\WORK\HOKONG\VRPNCAMERASERVER_CLIENT\VRPN\PC_WIN32\DEBUG\VRPN_AUXILIARY_LOGGER.OBJ
D:\WORK\HOKONG\VRPNCAMERASERVER_CLIENT\VRPN\PC_WIN32\DEBUG\VRPN_AUXILIARY_LOGGER.SBR
D:\WORK\HOKONG\VRPNCAMERASERVER_CLIENT\VRPN\PC_WIN32\DEBUG\VRPN_BASECLASS.OBJ
D:\WORK\HOKONG\VRPNCAMERASERVER_CLIENT\VRPN\PC_WIN32\DEBUG\VRPN_BASECLASS.SBR
D:\WORK\HOKONG\VRPNCAMERASERVER_CLIENT\VRPN\PC_WIN32\DEBUG\VRPN_BUTTON.OBJ
D:\WORK\HOKONG\VRPNCAMERASERVER_CLIENT\VRPN\PC_WIN32\DEBUG\VRPN_BUTTON.SBR
D:\WORK\HOKONG\VRPNCAMERASERVER_CLIENT\VRPN\PC_WIN32\DEBUG\VRPN_BUTTON_NI_DIO24.OBJ
D:\WORK\HOKONG\VRPNCAMERASERVER_CLIENT\VRPN\PC_WIN32\DEBUG\VRPN_BUTTON_NI_DIO24.SBR
D:\WORK\HOKONG\VRPNCAMERASERVER_CLIENT\VRPN\PC_WIN32\DEBUG\VRPN_BUTTON_USB.OBJ
D:\WORK\HOKONG\VRPNCAMERASERVER_CLIENT\VRPN\PC_WIN32\DEBUG\VRPN_BUTTON_USB.SBR
D:\WORK\HOKONG\VRPNCAMERASERVER_CLIENT\VRPN\PC_WIN32\DEBUG\VRPN_CEREALBOX.OBJ
D:\WORK\HOKONG\VRPNCAMERASERVER_CLIENT\VRPN\PC_WIN32\DEBUG\VRPN_CEREALBOX.SBR
D:\WORK\HOKONG\VRPNCAMERASERVER_CLIENT\VRPN\PC_WIN32\DEBUG\VRPN_CONNECTION.OBJ
D:\WORK\HOKONG\VRPNCAMERASERVER_CLIENT\VRPN\PC_WIN32\DEBUG\VRPN_CONNECTION.SBR
D:\WORK\HOKONG\VRPNCAMERASERVER_CLIENT\VRPN\PC_WIN32\DEBUG\VRPN_DIAL.OBJ
D:\WORK\HOKONG\VRPNCAMERASERVER_CLIENT\VRPN\PC_WIN32\DEBUG\VRPN_DIAL.SBR
D:\WORK\HOKONG\VRPNCAMERASERVER_CLIENT\VRPN\PC_WIN32\DEBUG\VRPN_DIRECTXFFJOYSTICK.OBJ
D:\WORK\HOKONG\VRPNCAMERASERVER_CLIENT\VRPN\PC_WIN32\DEBUG\VRPN_DIRECTXFFJOYSTICK.SBR
D:\WORK\HOKONG\VRPNCAMERASERVER_CLIENT\VRPN\PC_WIN32\DEBUG\VRPN_DIRECTXRUMBLEPAD.OBJ
D:\WORK\HOKONG\VRPNCAMERASERVER_CLIENT\VRPN\PC_WIN32\DEBUG\VRPN_DIRECTXRUMBLEPAD.SBR
D:\WORK\HOKONG\VRPNCAMERASERVER_CLIENT\VRPN\PC_WIN32\DEBUG\VRPN_DREAMCHEEKY.OBJ
D:\WORK\HOKONG\VRPNCAMERASERVER_CLIENT\VRPN\PC_WIN32\DEBUG\VRPN_DREAMCHEEKY.SBR
D:\WORK\HOKONG\VRPNCAMERASERVER_CLIENT\VRPN\PC_WIN32\DEBUG\VRPN_DYNA.OBJ
D:\WORK\HOKONG\VRPNCAMERASERVER_CLIENT\VRPN\PC_WIN32\DEBUG\VRPN_DYNA.SBR
D:\WORK\HOKONG\VRPNCAMERASERVER_CLIENT\VRPN\PC_WIN32\DEBUG\VRPN_EVENT.OBJ
D:\WORK\HOKONG\VRPNCAMERASERVER_CLIENT\VRPN\PC_WIN32\DEBUG\VRPN_EVENT.SBR
D:\WORK\HOKONG\VRPNCAMERASERVER_CLIENT\VRPN\PC_WIN32\DEBUG\VRPN_EVENT_ANALOG.OBJ
D:\WORK\HOKONG\VRPNCAMERASERVER_CLIENT\VRPN\PC_WIN32\DEBUG\VRPN_EVENT_ANALOG.SBR
D:\WORK\HOKONG\VRPNCAMERASERVER_CLIENT\VRPN\PC_WIN32\DEBUG\VRPN_EVENT_MOUSE.OBJ
D:\WORK\HOKONG\VRPNCAMERASERVER_CLIENT\VRPN\PC_WIN32\DEBUG\VRPN_EVENT_MOUSE.SBR
D:\WORK\HOKONG\VRPNCAMERASERVER_CLIENT\VRPN\PC_WIN32\DEBUG\VRPN_FILECONNECTION.OBJ
D:\WORK\HOKONG\VRPNCAMERASERVER_CLIENT\VRPN\PC_WIN32\DEBUG\VRPN_FILECONNECTION.SBR
D:\WORK\HOKONG\VRPNCAMERASERVER_CLIENT\VRPN\PC_WIN32\DEBUG\VRPN_FILECONTROLLER.OBJ
D:\WORK\HOKONG\VRPNCAMERASERVER_CLIENT\VRPN\PC_WIN32\DEBUG\VRPN_FILECONTROLLER.SBR
D:\WORK\HOKONG\VRPNCAMERASERVER_CLIENT\VRPN\PC_WIN32\DEBUG\VRPN_FLOCK.OBJ
D:\WORK\HOKONG\VRPNCAMERASERVER_CLIENT\VRPN\PC_WIN32\DEBUG\VRPN_FLOCK.SBR
D:\WORK\HOKONG\VRPNCAMERASERVER_CLIENT\VRPN\PC_WIN32\DEBUG\VRPN_FLOCK_PARALLEL.OBJ
D:\WORK\HOKONG\VRPNCAMERASERVER_CLIENT\VRPN\PC_WIN32\DEBUG\VRPN_FLOCK_PARALLEL.SBR
D:\WORK\HOKONG\VRPNCAMERASERVER_CLIENT\VRPN\PC_WIN32\DEBUG\VRPN_FORCEDEVICE.OBJ
D:\WORK\HOKONG\VRPNCAMERASERVER_CLIENT\VRPN\PC_WIN32\DEBUG\VRPN_FORCEDEVICE.SBR
D:\WORK\HOKONG\VRPNCAMERASERVER_CLIENT\VRPN\PC_WIN32\DEBUG\VRPN_FORCEDEVICESERVER.OBJ
D:\WORK\HOKONG\VRPNCAMERASERVER_CLIENT\VRPN\PC_WIN32\DEBUG\VRPN_FORCEDEVICESERVER.SBR
D:\WORK\HOKONG\VRPNCAMERASERVER_CLIENT\VRPN\PC_WIN32\DEBUG\VRPN_FORWARDER.OBJ
D:\WORK\HOKONG\VRPNCAMERASERVER_CLIENT\VRPN\PC_WIN32\DEBUG\VRPN_FORWARDER.SBR
D:\WORK\HOKONG\VRPNCAMERASERVER_CLIENT\VRPN\PC_WIN32\DEBUG\VRPN_FORWARDERCONTROLLER.OBJ
D:\WORK\HOKONG\VRPNCAMERASERVER_CLIENT\VRPN\PC_WIN32\DEBUG\VRPN_FORWARDERCONTROLLER.SBR
D:\WORK\HOKONG\VRPNCAMERASERVER_CLIENT\VRPN\PC_WIN32\DEBUG\VRPN_FREESPACE.OBJ
D:\WORK\HOKONG\VRPNCAMERASERVER_CLIENT\VRPN\PC_WIN32\DEBUG\VRPN_FREESPACE.SBR
D:\WORK\HOKONG\VRPNCAMERASERVER_CLIENT\VRPN\PC_WIN32\DEBUG\VRPN_FUNCTIONGENERATOR.OBJ
D:\WORK\HOKONG\VRPNCAMERASERVER_CLIENT\VRPN\PC_WIN32\DEBUG\VRPN_FUNCTIONGENERATOR.SBR
D:\WORK\HOKONG\VRPNCAMERASERVER_CLIENT\VRPN\PC_WIN32\DEBUG\VRPN_GLOBALHAPTICSORB.OBJ
D:\WORK\HOKONG\VRPNCAMERASERVER_CLIENT\VRPN\PC_WIN32\DEBUG\VRPN_GLOBALHAPTICSORB.SBR
D:\WORK\HOKONG\VRPNCAMERASERVER_CLIENT\VRPN\PC_WIN32\DEBUG\VRPN_HUMANINTERFACE.OBJ
D:\WORK\HOKONG\VRPNCAMERASERVER_CLIENT\VRPN\PC_WIN32\DEBUG\VRPN_HUMANINTERFACE.SBR
D:\WORK\HOKONG\VRPNCAMERASERVER_CLIENT\VRPN\PC_WIN32\DEBUG\VRPN_IMAGER.OBJ
D:\WORK\HOKONG\VRPNCAMERASERVER_CLIENT\VRPN\PC_WIN32\DEBUG\VRPN_IMAGER.SBR
D:\WORK\HOKONG\VRPNCAMERASERVER_CLIENT\VRPN\PC_WIN32\DEBUG\VRPN_IMAGER_STREAM_BUFFER.OBJ
D:\WORK\HOKONG\VRPNCAMERASERVER_CLIENT\VRPN\PC_WIN32\DEBUG\VRPN_IMAGER_STREAM_BUFFER.SBR
D:\WORK\HOKONG\VRPNCAMERASERVER_CLIENT\VRPN\PC_WIN32\DEBUG\VRPN_IMMERSIONBOX.OBJ
D:\WORK\HOKONG\VRPNCAMERASERVER_CLIENT\VRPN\PC_WIN32\DEBUG\VRPN_IMMERSIONBOX.SBR
D:\WORK\HOKONG\VRPNCAMERASERVER_CLIENT\VRPN\PC_WIN32\DEBUG\VRPN_INERTIAMOUSE.OBJ
D:\WORK\HOKONG\VRPNCAMERASERVER_CLIENT\VRPN\PC_WIN32\DEBUG\VRPN_INERTIAMOUSE.SBR
D:\WORK\HOKONG\VRPNCAMERASERVER_CLIENT\VRPN\PC_WIN32\DEBUG\VRPN_JOYLIN.OBJ
D:\WORK\HOKONG\VRPNCAMERASERVER_CLIENT\VRPN\PC_WIN32\DEBUG\VRPN_JOYLIN.SBR
D:\WORK\HOKONG\VRPNCAMERASERVER_CLIENT\VRPN\PC_WIN32\DEBUG\VRPN_JOYWIN32.OBJ
D:\WORK\HOKONG\VRPNCAMERASERVER_CLIENT\VRPN\PC_WIN32\DEBUG\VRPN_JOYWIN32.SBR
D:\WORK\HOKONG\VRPNCAMERASERVER_CLIENT\VRPN\PC_WIN32\DEBUG\VRPN_LAMPORTCLOCK.OBJ
D:\WORK\HOKONG\VRPNCAMERASERVER_CLIENT\VRPN\PC_WIN32\DEBUG\VRPN_LAMPORTCLOCK.SBR
D:\WORK\HOKONG\VRPNCAMERASERVER_CLIENT\VRPN\PC_WIN32\DEBUG\VRPN_LOCAL_HIDAPI.OBJ
D:\WORK\HOKONG\VRPNCAMERASERVER_CLIENT\VRPN\PC_WIN32\DEBUG\VRPN_LOCAL_HIDAPI.SBR
D:\WORK\HOKONG\VRPNCAMERASERVER_CLIENT\VRPN\PC_WIN32\DEBUG\VRPN_LUDL.OBJ
D:\WORK\HOKONG\VRPNCAMERASERVER_CLIENT\VRPN\PC_WIN32\DEBUG\VRPN_LUDL.SBR
D:\WORK\HOKONG\VRPNCAMERASERVER_CLIENT\VRPN\PC_WIN32\DEBUG\VRPN_MAGELLAN.OBJ
D:\WORK\HOKONG\VRPNCAMERASERVER_CLIENT\VRPN\PC_WIN32\DEBUG\VRPN_MAGELLAN.SBR
D:\WORK\HOKONG\VRPNCAMERASERVER_CLIENT\VRPN\PC_WIN32\DEBUG\VRPN_MUTEX.OBJ
D:\WORK\HOKONG\VRPNCAMERASERVER_CLIENT\VRPN\PC_WIN32\DEBUG\VRPN_MUTEX.SBR
D:\WORK\HOKONG\VRPNCAMERASERVER_CLIENT\VRPN\PC_WIN32\DEBUG\VRPN_NATIONALINSTRUMENTS.OBJ
D:\WORK\HOKONG\VRPNCAMERASERVER_CLIENT\VRPN\PC_WIN32\DEBUG\VRPN_NATIONALINSTRUMENTS.SBR
D:\WORK\HOKONG\VRPNCAMERASERVER_CLIENT\VRPN\PC_WIN32\DEBUG\VRPN_NIKON_CONTROLS.OBJ
D:\WORK\HOKONG\VRPNCAMERASERVER_CLIENT\VRPN\PC_WIN32\DEBUG\VRPN_NIKON_CONTROLS.SBR
D:\WORK\HOKONG\VRPNCAMERASERVER_CLIENT\VRPN\PC_WIN32\DEBUG\VRPN_POSER.OBJ
D:\WORK\HOKONG\VRPNCAMERASERVER_CLIENT\VRPN\PC_WIN32\DEBUG\VRPN_POSER.SBR
D:\WORK\HOKONG\VRPNCAMERASERVER_CLIENT\VRPN\PC_WIN32\DEBUG\VRPN_POSER_ANALOG.OBJ
D:\WORK\HOKONG\VRPNCAMERASERVER_CLIENT\VRPN\PC_WIN32\DEBUG\VRPN_POSER_ANALOG.SBR
D:\WORK\HOKONG\VRPNCAMERASERVER_CLIENT\VRPN\PC_WIN32\DEBUG\VRPN_POSER_TEK4662.OBJ
D:\WORK\HOKONG\VRPNCAMERASERVER_CLIENT\VRPN\PC_WIN32\DEBUG\VRPN_POSER_TEK4662.SBR
D:\WORK\HOKONG\VRPNCAMERASERVER_CLIENT\VRPN\PC_WIN32\DEBUG\VRPN_RAW_SGIBOX.OBJ
D:\WORK\HOKONG\VRPNCAMERASERVER_CLIENT\VRPN\PC_WIN32\DEBUG\VRPN_RAW_SGIBOX.SBR
D:\WORK\HOKONG\VRPNCAMERASERVER_CLIENT\VRPN\PC_WIN32\DEBUG\VRPN_REDUNDANTTRANSMISSION.OBJ
D:\WORK\HOKONG\VRPNCAMERASERVER_CLIENT\VRPN\PC_WIN32\DEBUG\VRPN_REDUNDANTTRANSMISSION.SBR
D:\WORK\HOKONG\VRPNCAMERASERVER_CLIENT\VRPN\PC_WIN32\DEBUG\VRPN_SERIAL.OBJ
D:\WORK\HOKONG\VRPNCAMERASERVER_CLIENT\VRPN\PC_WIN32\DEBUG\VRPN_SERIAL.SBR
D:\WORK\HOKONG\VRPNCAMERASERVER_CLIENT\VRPN\PC_WIN32\DEBUG\VRPN_SHARED.OBJ
D:\WORK\HOKONG\VRPNCAMERASERVER_CLIENT\VRPN\PC_WIN32\DEBUG\VRPN_SHARED.SBR
D:\WORK\HOKONG\VRPNCAMERASERVER_CLIENT\VRPN\PC_WIN32\DEBUG\VRPN_SHAREDOBJECT.OBJ
D:\WORK\HOKONG\VRPNCAMERASERVER_CLIENT\VRPN\PC_WIN32\DEBUG\VRPN_SHAREDOBJECT.SBR
D:\WORK\HOKONG\VRPNCAMERASERVER_CLIENT\VRPN\PC_WIN32\DEBUG\VRPN_SOUND.OBJ
D:\WORK\HOKONG\VRPNCAMERASERVER_CLIENT\VRPN\PC_WIN32\DEBUG\VRPN_SOUND.SBR
D:\WORK\HOKONG\VRPNCAMERASERVER_CLIENT\VRPN\PC_WIN32\DEBUG\VRPN_SPACEBALL.OBJ
D:\WORK\HOKONG\VRPNCAMERASERVER_CLIENT\VRPN\PC_WIN32\DEBUG\VRPN_SPACEBALL.SBR
D:\WORK\HOKONG\VRPNCAMERASERVER_CLIENT\VRPN\PC_WIN32\DEBUG\VRPN_TEXT.OBJ
D:\WORK\HOKONG\VRPNCAMERASERVER_CLIENT\VRPN\PC_WIN32\DEBUG\VRPN_TEXT.SBR
D:\WORK\HOKONG\VRPNCAMERASERVER_CLIENT\VRPN\PC_WIN32\DEBUG\VRPN_TNG3.OBJ
D:\WORK\HOKONG\VRPNCAMERASERVER_CLIENT\VRPN\PC_WIN32\DEBUG\VRPN_TNG3.SBR
D:\WORK\HOKONG\VRPNCAMERASERVER_CLIENT\VRPN\PC_WIN32\DEBUG\VRPN_TRACKER.OBJ
D:\WORK\HOKONG\VRPNCAMERASERVER_CLIENT\VRPN\PC_WIN32\DEBUG\VRPN_TRACKER.SBR
D:\WORK\HOKONG\VRPNCAMERASERVER_CLIENT\VRPN\PC_WIN32\DEBUG\VRPN_TRACKER_3DMOUSE.OBJ
D:\WORK\HOKONG\VRPNCAMERASERVER_CLIENT\VRPN\PC_WIN32\DEBUG\VRPN_TRACKER_3DMOUSE.SBR
D:\WORK\HOKONG\VRPNCAMERASERVER_CLIENT\VRPN\PC_WIN32\DEBUG\VRPN_TRACKER_ANALOGFLY.OBJ
D:\WORK\HOKONG\VRPNCAMERASERVER_CLIENT\VRPN\PC_WIN32\DEBUG\VRPN_TRACKER_ANALOGFLY.SBR
D:\WORK\HOKONG\VRPNCAMERASERVER_CLIENT\VRPN\PC_WIN32\DEBUG\VRPN_TRACKER_BUTTONFLY.OBJ
D:\WORK\HOKONG\VRPNCAMERASERVER_CLIENT\VRPN\PC_WIN32\DEBUG\VRPN_TRACKER_BUTTONFLY.SBR
D:\WORK\HOKONG\VRPNCAMERASERVER_CLIENT\VRPN\PC_WIN32\DEBUG\VRPN_TRACKER_CROSSBOW.OBJ
D:\WORK\HOKONG\VRPNCAMERASERVER_CLIENT\VRPN\PC_WIN32\DEBUG\VRPN_TRACKER_CROSSBOW.SBR
D:\WORK\HOKONG\VRPNCAMERASERVER_CLIENT\VRPN\PC_WIN32\DEBUG\VRPN_TRACKER_DTRACK.OBJ
D:\WORK\HOKONG\VRPNCAMERASERVER_CLIENT\VRPN\PC_WIN32\DEBUG\VRPN_TRACKER_DTRACK.SBR
D:\WORK\HOKONG\VRPNCAMERASERVER_CLIENT\VRPN\PC_WIN32\DEBUG\VRPN_TRACKER_FASTRAK.OBJ
D:\WORK\HOKONG\VRPNCAMERASERVER_CLIENT\VRPN\PC_WIN32\DEBUG\VRPN_TRACKER_FASTRAK.SBR
D:\WORK\HOKONG\VRPNCAMERASERVER_CLIENT\VRPN\PC_WIN32\DEBUG\VRPN_TRACKER_GAMETRAK.OBJ
D:\WORK\HOKONG\VRPNCAMERASERVER_CLIENT\VRPN\PC_WIN32\DEBUG\VRPN_TRACKER_GAMETRAK.SBR
D:\WORK\HOKONG\VRPNCAMERASERVER_CLIENT\VRPN\PC_WIN32\DEBUG\VRPN_TRACKER_ISENSE.OBJ
D:\WORK\HOKONG\VRPNCAMERASERVER_CLIENT\VRPN\PC_WIN32\DEBUG\VRPN_TRACKER_ISENSE.SBR
D:\WORK\HOKONG\VRPNCAMERASERVER_CLIENT\VRPN\PC_WIN32\DEBUG\VRPN_TRACKER_ISOTRAK.OBJ
D:\WORK\HOKONG\VRPNCAMERASERVER_CLIENT\VRPN\PC_WIN32\DEBUG\VRPN_TRACKER_ISOTRAK.SBR
D:\WORK\HOKONG\VRPNCAMERASERVER_CLIENT\VRPN\PC_WIN32\DEBUG\VRPN_TRACKER_LIBERTY.OBJ
D:\WORK\HOKONG\VRPNCAMERASERVER_CLIENT\VRPN\PC_WIN32\DEBUG\VRPN_TRACKER_LIBERTY.SBR
D:\WORK\HOKONG\VRPNCAMERASERVER_CLIENT\VRPN\PC_WIN32\DEBUG\VRPN_TRACKER_MOTIONNODE.OBJ
D:\WORK\HOKONG\VRPNCAMERASERVER_CLIENT\VRPN\PC_WIN32\DEBUG\VRPN_TRACKER_MOTIONNODE.SBR
D:\WORK\HOKONG\VRPNCAMERASERVER_CLIENT\VRPN\PC_WIN32\DEBUG\VRPN_TRACKER_NDI_POLARIS.OBJ
D:\WORK\HOKONG\VRPNCAMERASERVER_CLIENT\VRPN\PC_WIN32\DEBUG\VRPN_TRACKER_NDI_POLARIS.SBR
D:\WORK\HOKONG\VRPNCAMERASERVER_CLIENT\VRPN\PC_WIN32\DEBUG\VRPN_TRACKER_NOVINTFALCON.OBJ
D:\WORK\HOKONG\VRPNCAMERASERVER_CLIENT\VRPN\PC_WIN32\DEBUG\VRPN_TRACKER_NOVINTFALCON.SBR
D:\WORK\HOKONG\VRPNCAMERASERVER_CLIENT\VRPN\PC_WIN32\DEBUG\VRPN_TRACKER_PHASESPACE.OBJ
D:\WORK\HOKONG\VRPNCAMERASERVER_CLIENT\VRPN\PC_WIN32\DEBUG\VRPN_TRACKER_PHASESPACE.SBR
D:\WORK\HOKONG\VRPNCAMERASERVER_CLIENT\VRPN\PC_WIN32\DEBUG\VRPN_TRACKER_SPACEPOINT.OBJ
D:\WORK\HOKONG\VRPNCAMERASERVER_CLIENT\VRPN\PC_WIN32\DEBUG\VRPN_TRACKER_SPACEPOINT.SBR
D:\WORK\HOKONG\VRPNCAMERASERVER_CLIENT\VRPN\PC_WIN32\DEBUG\VRPN_TRACKER_TRIVISIOCOLIBRI.OBJ
D:\WORK\HOKONG\VRPNCAMERASERVER_CLIENT\VRPN\PC_WIN32\DEBUG\VRPN_TRACKER_TRIVISIOCOLIBRI.SBR
D:\WORK\HOKONG\VRPNCAMERASERVER_CLIENT\VRPN\PC_WIN32\DEBUG\VRPN_TRACKER_WIIMOTEHEAD.OBJ
D:\WORK\HOKONG\VRPNCAMERASERVER_CLIENT\VRPN\PC_WIN32\DEBUG\VRPN_TRACKER_WIIMOTEHEAD.SBR
D:\WORK\HOKONG\VRPNCAMERASERVER_CLIENT\VRPN\PC_WIN32\DEBUG\VRPN_UDP_ANALOG.OBJ
D:\WORK\HOKONG\VRPNCAMERASERVER_CLIENT\VRPN\PC_WIN32\DEBUG\VRPN_UDP_ANALOG.SBR
D:\WORK\HOKONG\VRPNCAMERASERVER_CLIENT\VRPN\PC_WIN32\DEBUG\VRPN_UDP_BUTTON.OBJ
D:\WORK\HOKONG\VRPNCAMERASERVER_CLIENT\VRPN\PC_WIN32\DEBUG\VRPN_UDP_BUTTON.SBR
D:\WORK\HOKONG\VRPNCAMERASERVER_CLIENT\VRPN\PC_WIN32\DEBUG\VRPN_UNC_JOYSTICK.OBJ
D:\WORK\HOKONG\VRPNCAMERASERVER_CLIENT\VRPN\PC_WIN32\DEBUG\VRPN_UNC_JOYSTICK.SBR
D:\WORK\HOKONG\VRPNCAMERASERVER_CLIENT\VRPN\PC_WIN32\DEBUG\VRPN_VPJOYSTICK.OBJ
D:\WORK\HOKONG\VRPNCAMERASERVER_CLIENT\VRPN\PC_WIN32\DEBUG\VRPN_VPJOYSTICK.SBR
D:\WORK\HOKONG\VRPNCAMERASERVER_CLIENT\VRPN\PC_WIN32\DEBUG\VRPN_WANDA.OBJ
D:\WORK\HOKONG\VRPNCAMERASERVER_CLIENT\VRPN\PC_WIN32\DEBUG\VRPN_WANDA.SBR
D:\WORK\HOKONG\VRPNCAMERASERVER_CLIENT\VRPN\PC_WIN32\DEBUG\VRPN_WIIMOTE.OBJ
D:\WORK\HOKONG\VRPNCAMERASERVER_CLIENT\VRPN\PC_WIN32\DEBUG\VRPN_WIIMOTE.SBR
D:\WORK\HOKONG\VRPNCAMERASERVER_CLIENT\VRPN\PC_WIN32\DEBUG\VRPN_XINPUTGAMEPAD.OBJ
D:\WORK\HOKONG\VRPNCAMERASERVER_CLIENT\VRPN\PC_WIN32\DEBUG\VRPN_XINPUTGAMEPAD.SBR
D:\WORK\HOKONG\VRPNCAMERASERVER_CLIENT\VRPN\PC_WIN32\DEBUG\VRPN_XKEYS.OBJ
D:\WORK\HOKONG\VRPNCAMERASERVER_CLIENT\VRPN\PC_WIN32\DEBUG\VRPN_XKEYS.SBR
D:\WORK\HOKONG\VRPNCAMERASERVER_CLIENT\VRPN\PC_WIN32\DEBUG\VRPN_ZABER.OBJ
D:\WORK\HOKONG\VRPNCAMERASERVER_CLIENT\VRPN\PC_WIN32\DEBUG\VRPN_ZABER.SBR
