.\pc_win32\Debug\quatlib.bsc
D:\WORK\hokong\vrpnCameraServer_Client\vrpn\quat\pc_win32\Debug\BscMake.command.1.tlog
D:\WORK\hokong\vrpnCameraServer_Client\vrpn\quat\pc_win32\Debug\bscmake.read.1.tlog
D:\WORK\hokong\vrpnCameraServer_Client\vrpn\quat\pc_win32\Debug\bscmake.write.1.tlog
D:\WORK\hokong\vrpnCameraServer_Client\vrpn\quat\pc_win32\Debug\cl.command.1.tlog
D:\WORK\hokong\vrpnCameraServer_Client\vrpn\quat\pc_win32\Debug\CL.read.1.tlog
D:\WORK\hokong\vrpnCameraServer_Client\vrpn\quat\pc_win32\Debug\CL.write.1.tlog
D:\WORK\hokong\vrpnCameraServer_Client\vrpn\quat\pc_win32\Debug\lib.command.1.tlog
D:\WORK\hokong\vrpnCameraServer_Client\vrpn\quat\pc_win32\Debug\Lib-link.read.1.tlog
D:\WORK\hokong\vrpnCameraServer_Client\vrpn\quat\pc_win32\Debug\Lib-link.write.1.tlog
D:\WORK\HOKONG\VRPNCAMERASERVER_CLIENT\VRPN\QUAT\PC_WIN32\DEBUG\MATRIX.OBJ
D:\WORK\HOKONG\VRPNCAMERASERVER_CLIENT\VRPN\QUAT\PC_WIN32\DEBUG\MATRIX.SBR
D:\WORK\HOKONG\VRPNCAMERASERVER_CLIENT\VRPN\QUAT\PC_WIN32\DEBUG\QUAT.LIB
D:\WORK\HOKONG\VRPNCAMERASERVER_CLIENT\VRPN\QUAT\PC_WIN32\DEBUG\QUAT.OBJ
D:\WORK\HOKONG\VRPNCAMERASERVER_CLIENT\VRPN\QUAT\PC_WIN32\DEBUG\QUAT.SBR
D:\WORK\HOKONG\VRPNCAMERASERVER_CLIENT\VRPN\QUAT\PC_WIN32\DEBUG\QUATLIB.BSC
D:\WORK\hokong\vrpnCameraServer_Client\vrpn\quat\pc_win32\Debug\quatlib.write.1.tlog
D:\WORK\HOKONG\VRPNCAMERASERVER_CLIENT\VRPN\QUAT\PC_WIN32\DEBUG\VC100.PDB
D:\WORK\HOKONG\VRPNCAMERASERVER_CLIENT\VRPN\QUAT\PC_WIN32\DEBUG\VECTOR.OBJ
D:\WORK\HOKONG\VRPNCAMERASERVER_CLIENT\VRPN\QUAT\PC_WIN32\DEBUG\VECTOR.SBR
D:\WORK\HOKONG\VRPNCAMERASERVER_CLIENT\VRPN\QUAT\PC_WIN32\DEBUG\XYZQUAT.OBJ
D:\WORK\HOKONG\VRPNCAMERASERVER_CLIENT\VRPN\QUAT\PC_WIN32\DEBUG\XYZQUAT.SBR
