.\../pc_win32/server_src/Debug\vrpn_phantom.bsc
D:\WORK\hokong\vrpnCameraServer_Client\vrpn\pc_win32\server_src\Debug\BscMake.command.1.tlog
D:\WORK\hokong\vrpnCameraServer_Client\vrpn\pc_win32\server_src\Debug\bscmake.read.1.tlog
D:\WORK\hokong\vrpnCameraServer_Client\vrpn\pc_win32\server_src\Debug\bscmake.write.1.tlog
D:\WORK\HOKONG\VRPNCAMERASERVER_CLIENT\VRPN\PC_WIN32\SERVER_SRC\DEBUG\BUZZFORCEFIELD.OBJ
D:\WORK\HOKONG\VRPNCAMERASERVER_CLIENT\VRPN\PC_WIN32\SERVER_SRC\DEBUG\BUZZFORCEFIELD.SBR
D:\WORK\hokong\vrpnCameraServer_Client\vrpn\pc_win32\server_src\Debug\cl.command.1.tlog
D:\WORK\hokong\vrpnCameraServer_Client\vrpn\pc_win32\server_src\Debug\CL.read.1.tlog
D:\WORK\hokong\vrpnCameraServer_Client\vrpn\pc_win32\server_src\Debug\CL.write.1.tlog
D:\WORK\HOKONG\VRPNCAMERASERVER_CLIENT\VRPN\PC_WIN32\SERVER_SRC\DEBUG\CONSTRAINT.OBJ
D:\WORK\HOKONG\VRPNCAMERASERVER_CLIENT\VRPN\PC_WIN32\SERVER_SRC\DEBUG\CONSTRAINT.SBR
D:\WORK\HOKONG\VRPNCAMERASERVER_CLIENT\VRPN\PC_WIN32\SERVER_SRC\DEBUG\FORCEFIELD.OBJ
D:\WORK\HOKONG\VRPNCAMERASERVER_CLIENT\VRPN\PC_WIN32\SERVER_SRC\DEBUG\FORCEFIELD.SBR
D:\WORK\HOKONG\VRPNCAMERASERVER_CLIENT\VRPN\PC_WIN32\SERVER_SRC\DEBUG\INSTANTBUZZEFFECT.OBJ
D:\WORK\HOKONG\VRPNCAMERASERVER_CLIENT\VRPN\PC_WIN32\SERVER_SRC\DEBUG\INSTANTBUZZEFFECT.SBR
D:\WORK\hokong\vrpnCameraServer_Client\vrpn\pc_win32\server_src\Debug\lib.command.1.tlog
D:\WORK\hokong\vrpnCameraServer_Client\vrpn\pc_win32\server_src\Debug\Lib-link.read.1.tlog
D:\WORK\hokong\vrpnCameraServer_Client\vrpn\pc_win32\server_src\Debug\Lib-link.write.1.tlog
D:\WORK\HOKONG\VRPNCAMERASERVER_CLIENT\VRPN\PC_WIN32\SERVER_SRC\DEBUG\PLANE.OBJ
D:\WORK\HOKONG\VRPNCAMERASERVER_CLIENT\VRPN\PC_WIN32\SERVER_SRC\DEBUG\PLANE.SBR
D:\WORK\HOKONG\VRPNCAMERASERVER_CLIENT\VRPN\PC_WIN32\SERVER_SRC\DEBUG\TEXTURE_PLANE.OBJ
D:\WORK\HOKONG\VRPNCAMERASERVER_CLIENT\VRPN\PC_WIN32\SERVER_SRC\DEBUG\TEXTURE_PLANE.SBR
D:\WORK\HOKONG\VRPNCAMERASERVER_CLIENT\VRPN\PC_WIN32\SERVER_SRC\DEBUG\TRIMESH.OBJ
D:\WORK\HOKONG\VRPNCAMERASERVER_CLIENT\VRPN\PC_WIN32\SERVER_SRC\DEBUG\TRIMESH.SBR
D:\WORK\hokong\vrpnCameraServer_Client\vrpn\pc_win32\server_src\Debug\vc100.idb
D:\WORK\HOKONG\VRPNCAMERASERVER_CLIENT\VRPN\PC_WIN32\SERVER_SRC\DEBUG\VC100.PDB
D:\WORK\HOKONG\VRPNCAMERASERVER_CLIENT\VRPN\PC_WIN32\SERVER_SRC\DEBUG\VRPN_PHANTOM.BSC
D:\WORK\HOKONG\VRPNCAMERASERVER_CLIENT\VRPN\PC_WIN32\SERVER_SRC\DEBUG\VRPN_PHANTOM.LIB
D:\WORK\HOKONG\VRPNCAMERASERVER_CLIENT\VRPN\PC_WIN32\SERVER_SRC\DEBUG\VRPN_PHANTOM.OBJ
D:\WORK\HOKONG\VRPNCAMERASERVER_CLIENT\VRPN\PC_WIN32\SERVER_SRC\DEBUG\VRPN_PHANTOM.SBR
D:\WORK\hokong\vrpnCameraServer_Client\vrpn\pc_win32\server_src\Debug\vrpn_phantom.vcxprojResolveAssemblyReference.cache
D:\WORK\hokong\vrpnCameraServer_Client\vrpn\pc_win32\server_src\Debug\vrpn_phantom.write.1.tlog
D:\WORK\hokong\vrpnCameraServer_Client\vrpn\server_src\.\../pc_win32/server_src/Debug\vrpn_phantom.lib
