Build started 2021-07-26 1:09:36.
     1>Project "D:\WORK\hokong\vrpnCameraServer_Client\vrpn\server_src\vrpn_phantom.vcxproj" on node 2 (rebuild target(s)).
     1>InitializeBuildStatus:
         Creating ".\../pc_win32/server_src/Release\vrpn_phantom.unsuccessfulbuild" because "AlwaysCreate" was specified.
       ClCompile:
         C:\Program Files (x86)\Microsoft Visual Studio 10.0\VC\bin\CL.exe /c /I"C:\Program Files\Microsoft Platform SDK for Windows Server 2003 R2\Include" /I"C:/Program Files/SensAble/3DTouch/include" /I"C:/Program Files/SensAble/3DTouch/utilities/include" /I../quat /I../ /I./ /Zi /nologo /W3 /WX- /O2 /Ob1 /Oy- /D _CRT_SECURE_NO_DEPRECATE /D WIN32 /D _VC80_UPGRADE=0x0600 /D _MBCS /GF /Gm- /EHsc /MD /GS /Gy /fp:precise /Zc:wchar_t /Zc:forScope /Fo".\../pc_win32/server_src/Release/" /Fd".\../pc_win32/server_src/Release/vc100.pdb" /Gd /TP /analyze- /errorReport:prompt buzzForceField.C constraint.C forcefield.C plane.C texture_plane.C trimesh.C vrpn_Phantom.C ghostEffects\InstantBuzzEffect.cpp
         buzzForceField.C
         constraint.C
         forcefield.C
         plane.C
         texture_plane.C
         trimesh.C
         vrpn_Phantom.C
         InstantBuzzEffect.cpp
         Generating Code...
       Lib:
         C:\Program Files (x86)\Microsoft Visual Studio 10.0\VC\bin\Lib.exe /OUT:".\../pc_win32/server_src/Release\vrpn_phantom.lib" /NOLOGO .\../pc_win32/server_src/Release/buzzForceField.obj
         .\../pc_win32/server_src/Release/constraint.obj
         .\../pc_win32/server_src/Release/forcefield.obj
         .\../pc_win32/server_src/Release/plane.obj
         .\../pc_win32/server_src/Release/texture_plane.obj
         .\../pc_win32/server_src/Release/trimesh.obj
         .\../pc_win32/server_src/Release/vrpn_Phantom.obj
         .\../pc_win32/server_src/Release/InstantBuzzEffect.obj
     1>InstantBuzzEffect.obj : warning LNK4221: This object file does not define any previously undefined public symbols, so it will not be used by any link operation that consumes this library
         vrpn_phantom.vcxproj -> D:\WORK\hokong\vrpnCameraServer_Client\vrpn\server_src\.\../pc_win32/server_src/Release\vrpn_phantom.lib
       FinalizeBuildStatus:
         Deleting file ".\../pc_win32/server_src/Release\vrpn_phantom.unsuccessfulbuild".
         Touching ".\../pc_win32/server_src/Release\vrpn_phantom.lastbuildstate".
     1>Done Building Project "D:\WORK\hokong\vrpnCameraServer_Client\vrpn\server_src\vrpn_phantom.vcxproj" (rebuild target(s)).

Build succeeded.

Time Elapsed 00:00:00.51
